<?xml version='1.0' encoding='UTF-8'?>
<testsuites><testsuite name="pytest" errors="0" failures="0" skipped="0" tests="14" time="3.205" timestamp="2025-03-25T09:44:51.929148+00:00" hostname="1962351d2fd7"><testcase classname="Packs.CommonScripts.Scripts.IsolateEndpoint.IsolateEndpoint_test.TestModuleManager" name="test_is_brand_in_brands_to_run" time="0.016"/><testcase classname="Packs.CommonScripts.Scripts.IsolateEndpoint.IsolateEndpoint_test.TestModuleManager" name="test_is_brand_available" time="0.007"/><testcase classname="Packs.CommonScripts.Scripts.IsolateEndpoint.IsolateEndpoint_test" name="test_get_args_from_endpoint_data[endpoint_data0-expected_output0]" time="0.002"/><testcase classname="Packs.CommonScripts.Scripts.IsolateEndpoint.IsolateEndpoint_test" name="test_get_args_from_endpoint_data[endpoint_data1-expected_output1]" time="0.004"/><testcase classname="Packs.CommonScripts.Scripts.IsolateEndpoint.IsolateEndpoint_test" name="test_structure_endpoints_data" time="0.002"/><testcase classname="Packs.CommonScripts.Scripts.IsolateEndpoint.IsolateEndpoint_test" name="test_check_which_args_missing_in_output" time="0.007"/><testcase classname="Packs.CommonScripts.Scripts.IsolateEndpoint.IsolateEndpoint_test" name="test_map_zipped_args" time="0.002"/><testcase classname="Packs.CommonScripts.Scripts.IsolateEndpoint.IsolateEndpoint_test" name="test_map_args" time="0.002"/><testcase classname="Packs.CommonScripts.Scripts.IsolateEndpoint.IsolateEndpoint_test" name="test_are_there_missing_args" time="0.002"/><testcase classname="Packs.CommonScripts.Scripts.IsolateEndpoint.IsolateEndpoint_test" name="test_is_endpoint_isolatable" time="0.002"/><testcase classname="Packs.CommonScripts.Scripts.IsolateEndpoint.IsolateEndpoint_test" name="test_handle_raw_response_results" time="0.003"/><testcase classname="Packs.CommonScripts.Scripts.IsolateEndpoint.IsolateEndpoint_test" name="test_initialize_commands" time="0.002"/><testcase classname="Packs.CommonScripts.Scripts.IsolateEndpoint.IsolateEndpoint_test" name="test_run_commands_for_endpoint" time="0.002"/><testcase classname="Packs.CommonScripts.Scripts.IsolateEndpoint.IsolateEndpoint_test" name="test_search_and_add_endpoint_output" time="0.002"/></testsuite></testsuites>