<?xml version='1.0' encoding='UTF-8'?>
<testsuites><testsuite name="pytest" errors="0" failures="0" skipped="0" tests="10" time="3.128" timestamp="2025-04-02T12:03:05.854138+00:00" hostname="c5be41045590"><testcase classname="Packs.GroupIB_DigitalRiskProtection.Integrations.GroupIBDigitalRiskProtection.GroupIBDigitalRiskProtection_test" name="test_main_error" time="0.024"/><testcase classname="Packs.GroupIB_DigitalRiskProtection.Integrations.GroupIBDigitalRiskProtection.GroupIBDigitalRiskProtection_test" name="test_get_brands" time="0.004"/><testcase classname="Packs.GroupIB_DigitalRiskProtection.Integrations.GroupIBDigitalRiskProtection.GroupIBDigitalRiskProtection_test" name="test_get_subscriptions" time="0.003"/><testcase classname="Packs.GroupIB_DigitalRiskProtection.Integrations.GroupIBDigitalRiskProtection.GroupIBDigitalRiskProtection_test" name="test_get_violation_by_id" time="0.004"/><testcase classname="Packs.GroupIB_DigitalRiskProtection.Integrations.GroupIBDigitalRiskProtection.GroupIBDigitalRiskProtection_test" name="test_get_file" time="0.003"/><testcase classname="Packs.GroupIB_DigitalRiskProtection.Integrations.GroupIBDigitalRiskProtection.GroupIBDigitalRiskProtection_test" name="test_get_avalible_commands" time="0.002"/><testcase classname="Packs.GroupIB_DigitalRiskProtection.Integrations.GroupIBDigitalRiskProtection.GroupIBDigitalRiskProtection_test" name="test_command_get_brands" time="0.004"/><testcase classname="Packs.GroupIB_DigitalRiskProtection.Integrations.GroupIBDigitalRiskProtection.GroupIBDigitalRiskProtection_test" name="test_command_get_subscriptions" time="0.004"/><testcase classname="Packs.GroupIB_DigitalRiskProtection.Integrations.GroupIBDigitalRiskProtection.GroupIBDigitalRiskProtection_test" name="test_command_get_violation_by_id" time="0.004"/><testcase classname="Packs.GroupIB_DigitalRiskProtection.Integrations.GroupIBDigitalRiskProtection.GroupIBDigitalRiskProtection_test" name="test_command_test_module" time="0.003"/></testsuite><testsuite name="pytest" errors="0" failures="0" skipped="0" tests="2" time="3.199" timestamp="2025-04-02T12:03:05.671545+00:00" hostname="bd585506de02"><testcase classname="Packs.GroupIB_DigitalRiskProtection.Scripts.GIBDRPIncidentUpdate.GIBDRPIncidentUpdate_test" name="test_prevent_duplication_existing_duplication" time="0.020"/><testcase classname="Packs.GroupIB_DigitalRiskProtection.Scripts.GIBDRPIncidentUpdate.GIBDRPIncidentUpdate_test" name="test_prevent_duplication_no_duplication" time="0.003"/></testsuite></testsuites>