[32m[2022-11-02 13:18:50][0m - [MainThread] - [1;30m[DEBUG][0m - [36mFailed checking if running in CYGWIN due to: FileNotFoundError(2, 'No such file or directory')[0m
[32m[2022-11-02 13:18:50][0m - [MainThread] - [1;30m[DEBUG][0m - [36mPathManager uses self.content_path.resolve()=PosixPath('/workspaces/content'), PathManager.ARTIFACTS_PATH.resolve()=PosixPath('/workspaces/content/Tests/scripts/infrastructure_tests/artifacts')[0m
[32m[2022-11-02 13:18:52][0m - [MainThread] - [1;30m[DEBUG][0m - [36mPathManager uses self.content_path.resolve()=PosixPath('/workspaces/content/Tests/scripts/infrastructure_tests/tests_data/collect_tests/empty'), PathManager.ARTIFACTS_PATH.resolve()=PosixPath('/workspaces/content/Tests/scripts/infrastructure_tests/artifacts')[0m
[32m[2022-11-02 13:18:52][0m - [MainThread] - [1;30m[ERROR][0m - [31mcould not find /workspaces/content/Tests/scripts/infrastructure_tests/tests_data/collect_tests/empty/Documentation for calculating excluded paths[0m
[32m[2022-11-02 13:18:52][0m - [MainThread] - [1;30m[ERROR][0m - [31mcould not find /workspaces/content/Tests/scripts/infrastructure_tests/tests_data/collect_tests/empty/Tests/tools.py for calculating excluded paths[0m
[32m[2022-11-02 13:18:52][0m - [MainThread] - [1;30m[ERROR][0m - [31mcould not find /workspaces/content/Tests/scripts/infrastructure_tests/tests_data/collect_tests/empty/Tests/update_content_data.py for calculating excluded paths[0m
[32m[2022-11-02 13:18:52][0m - [MainThread] - [1;30m[ERROR][0m - [31mcould not find /workspaces/content/Tests/scripts/infrastructure_tests/tests_data/collect_tests/empty/Tests/Marketplace for calculating excluded paths[0m
[32m[2022-11-02 13:18:52][0m - [MainThread] - [1;30m[ERROR][0m - [31mcould not find /workspaces/content/Tests/scripts/infrastructure_tests/tests_data/collect_tests/empty/Tests/private_build for calculating excluded paths[0m
[32m[2022-11-02 13:18:52][0m - [MainThread] - [1;30m[ERROR][0m - [31mcould not find /workspaces/content/Tests/scripts/infrastructure_tests/tests_data/collect_tests/empty/Tests/scripts for calculating excluded paths[0m
[32m[2022-11-02 13:18:52][0m - [MainThread] - [1;30m[ERROR][0m - [31mcould not find /workspaces/content/Tests/scripts/infrastructure_tests/tests_data/collect_tests/empty/Tests/scripts/infrastructure_tests/tests_data for calculating excluded paths[0m
[32m[2022-11-02 13:18:52][0m - [MainThread] - [1;30m[DEBUG][0m - [36mPathManager uses self.content_path.resolve()=PosixPath('/workspaces/content/Tests/scripts/infrastructure_tests/tests_data/collect_tests/empty_xsiam'), PathManager.ARTIFACTS_PATH.resolve()=PosixPath('/workspaces/content/Tests/scripts/infrastructure_tests/artifacts')[0m
[32m[2022-11-02 13:18:52][0m - [MainThread] - [1;30m[ERROR][0m - [31mcould not find /workspaces/content/Tests/scripts/infrastructure_tests/tests_data/collect_tests/empty_xsiam/.gitlab for calculating excluded paths[0m
[32m[2022-11-02 13:18:52][0m - [MainThread] - [1;30m[ERROR][0m - [31mcould not find /workspaces/content/Tests/scripts/infrastructure_tests/tests_data/collect_tests/empty_xsiam/Documentation for calculating excluded paths[0m
[32m[2022-11-02 13:18:52][0m - [MainThread] - [1;30m[ERROR][0m - [31mcould not find /workspaces/content/Tests/scripts/infrastructure_tests/tests_data/collect_tests/empty_xsiam/Tests/tools.py for calculating excluded paths[0m
[32m[2022-11-02 13:18:52][0m - [MainThread] - [1;30m[ERROR][0m - [31mcould not find /workspaces/content/Tests/scripts/infrastructure_tests/tests_data/collect_tests/empty_xsiam/Tests/update_content_data.py for calculating excluded paths[0m
[32m[2022-11-02 13:18:52][0m - [MainThread] - [1;30m[ERROR][0m - [31mcould not find /workspaces/content/Tests/scripts/infrastructure_tests/tests_data/collect_tests/empty_xsiam/Tests/Marketplace for calculating excluded paths[0m
[32m[2022-11-02 13:18:52][0m - [MainThread] - [1;30m[ERROR][0m - [31mcould not find /workspaces/content/Tests/scripts/infrastructure_tests/tests_data/collect_tests/empty_xsiam/Tests/private_build for calculating excluded paths[0m
[32m[2022-11-02 13:18:52][0m - [MainThread] - [1;30m[ERROR][0m - [31mcould not find /workspaces/content/Tests/scripts/infrastructure_tests/tests_data/collect_tests/empty_xsiam/Tests/scripts for calculating excluded paths[0m
[32m[2022-11-02 13:18:52][0m - [MainThread] - [1;30m[ERROR][0m - [31mcould not find /workspaces/content/Tests/scripts/infrastructure_tests/tests_data/collect_tests/empty_xsiam/Tests/scripts/infrastructure_tests/tests_data for calculating excluded paths[0m
[32m[2022-11-02 13:18:52][0m - [MainThread] - [1;30m[DEBUG][0m - [36mPathManager uses self.content_path.resolve()=PosixPath('/workspaces/content/Tests/scripts/infrastructure_tests/tests_data/collect_tests/A_xsoar'), PathManager.ARTIFACTS_PATH.resolve()=PosixPath('/workspaces/content/Tests/scripts/infrastructure_tests/artifacts')[0m
[32m[2022-11-02 13:18:52][0m - [MainThread] - [1;30m[ERROR][0m - [31mcould not find /workspaces/content/Tests/scripts/infrastructure_tests/tests_data/collect_tests/A_xsoar/.gitlab for calculating excluded paths[0m
[32m[2022-11-02 13:18:52][0m - [MainThread] - [1;30m[ERROR][0m - [31mcould not find /workspaces/content/Tests/scripts/infrastructure_tests/tests_data/collect_tests/A_xsoar/Documentation for calculating excluded paths[0m
[32m[2022-11-02 13:18:52][0m - [MainThread] - [1;30m[ERROR][0m - [31mcould not find /workspaces/content/Tests/scripts/infrastructure_tests/tests_data/collect_tests/A_xsoar/Tests/tools.py for calculating excluded paths[0m
[32m[2022-11-02 13:18:52][0m - [MainThread] - [1;30m[ERROR][0m - [31mcould not find /workspaces/content/Tests/scripts/infrastructure_tests/tests_data/collect_tests/A_xsoar/Tests/update_content_data.py for calculating excluded paths[0m
[32m[2022-11-02 13:18:52][0m - [MainThread] - [1;30m[ERROR][0m - [31mcould not find /workspaces/content/Tests/scripts/infrastructure_tests/tests_data/collect_tests/A_xsoar/Tests/Marketplace for calculating excluded paths[0m
[32m[2022-11-02 13:18:52][0m - [MainThread] - [1;30m[ERROR][0m - [31mcould not find /workspaces/content/Tests/scripts/infrastructure_tests/tests_data/collect_tests/A_xsoar/Tests/private_build for calculating excluded paths[0m
[32m[2022-11-02 13:18:52][0m - [MainThread] - [1;30m[ERROR][0m - [31mcould not find /workspaces/content/Tests/scripts/infrastructure_tests/tests_data/collect_tests/A_xsoar/Tests/scripts for calculating excluded paths[0m
[32m[2022-11-02 13:18:52][0m - [MainThread] - [1;30m[ERROR][0m - [31mcould not find /workspaces/content/Tests/scripts/infrastructure_tests/tests_data/collect_tests/A_xsoar/Tests/scripts/infrastructure_tests/tests_data for calculating excluded paths[0m
[32m[2022-11-02 13:18:52][0m - [MainThread] - [1;30m[DEBUG][0m - [36mPathManager uses self.content_path.resolve()=PosixPath('/workspaces/content/Tests/scripts/infrastructure_tests/tests_data/collect_tests/A_xsiam'), PathManager.ARTIFACTS_PATH.resolve()=PosixPath('/workspaces/content/Tests/scripts/infrastructure_tests/artifacts')[0m
[32m[2022-11-02 13:18:52][0m - [MainThread] - [1;30m[ERROR][0m - [31mcould not find /workspaces/content/Tests/scripts/infrastructure_tests/tests_data/collect_tests/A_xsiam/.gitlab for calculating excluded paths[0m
[32m[2022-11-02 13:18:52][0m - [MainThread] - [1;30m[ERROR][0m - [31mcould not find /workspaces/content/Tests/scripts/infrastructure_tests/tests_data/collect_tests/A_xsiam/Documentation for calculating excluded paths[0m
[32m[2022-11-02 13:18:52][0m - [MainThread] - [1;30m[ERROR][0m - [31mcould not find /workspaces/content/Tests/scripts/infrastructure_tests/tests_data/collect_tests/A_xsiam/Tests/tools.py for calculating excluded paths[0m
[32m[2022-11-02 13:18:52][0m - [MainThread] - [1;30m[ERROR][0m - [31mcould not find /workspaces/content/Tests/scripts/infrastructure_tests/tests_data/collect_tests/A_xsiam/Tests/update_content_data.py for calculating excluded paths[0m
[32m[2022-11-02 13:18:52][0m - [MainThread] - [1;30m[ERROR][0m - [31mcould not find /workspaces/content/Tests/scripts/infrastructure_tests/tests_data/collect_tests/A_xsiam/Tests/Marketplace for calculating excluded paths[0m
[32m[2022-11-02 13:18:52][0m - [MainThread] - [1;30m[ERROR][0m - [31mcould not find /workspaces/content/Tests/scripts/infrastructure_tests/tests_data/collect_tests/A_xsiam/Tests/private_build for calculating excluded paths[0m
[32m[2022-11-02 13:18:52][0m - [MainThread] - [1;30m[ERROR][0m - [31mcould not find /workspaces/content/Tests/scripts/infrastructure_tests/tests_data/collect_tests/A_xsiam/Tests/scripts for calculating excluded paths[0m
[32m[2022-11-02 13:18:52][0m - [MainThread] - [1;30m[ERROR][0m - [31mcould not find /workspaces/content/Tests/scripts/infrastructure_tests/tests_data/collect_tests/A_xsiam/Tests/scripts/infrastructure_tests/tests_data for calculating excluded paths[0m
[32m[2022-11-02 13:18:52][0m - [MainThread] - [1;30m[DEBUG][0m - [36mPathManager uses self.content_path.resolve()=PosixPath('/workspaces/content/Tests/scripts/infrastructure_tests/tests_data/collect_tests/B_xsoar'), PathManager.ARTIFACTS_PATH.resolve()=PosixPath('/workspaces/content/Tests/scripts/infrastructure_tests/artifacts')[0m
[32m[2022-11-02 13:18:52][0m - [MainThread] - [1;30m[ERROR][0m - [31mcould not find /workspaces/content/Tests/scripts/infrastructure_tests/tests_data/collect_tests/B_xsoar/.gitlab for calculating excluded paths[0m
[32m[2022-11-02 13:18:52][0m - [MainThread] - [1;30m[ERROR][0m - [31mcould not find /workspaces/content/Tests/scripts/infrastructure_tests/tests_data/collect_tests/B_xsoar/Documentation for calculating excluded paths[0m
[32m[2022-11-02 13:18:52][0m - [MainThread] - [1;30m[ERROR][0m - [31mcould not find /workspaces/content/Tests/scripts/infrastructure_tests/tests_data/collect_tests/B_xsoar/Tests/tools.py for calculating excluded paths[0m
[32m[2022-11-02 13:18:52][0m - [MainThread] - [1;30m[ERROR][0m - [31mcould not find /workspaces/content/Tests/scripts/infrastructure_tests/tests_data/collect_tests/B_xsoar/Tests/update_content_data.py for calculating excluded paths[0m
[32m[2022-11-02 13:18:52][0m - [MainThread] - [1;30m[ERROR][0m - [31mcould not find /workspaces/content/Tests/scripts/infrastructure_tests/tests_data/collect_tests/B_xsoar/Tests/Marketplace for calculating excluded paths[0m
[32m[2022-11-02 13:18:52][0m - [MainThread] - [1;30m[ERROR][0m - [31mcould not find /workspaces/content/Tests/scripts/infrastructure_tests/tests_data/collect_tests/B_xsoar/Tests/private_build for calculating excluded paths[0m
[32m[2022-11-02 13:18:52][0m - [MainThread] - [1;30m[ERROR][0m - [31mcould not find /workspaces/content/Tests/scripts/infrastructure_tests/tests_data/collect_tests/B_xsoar/Tests/scripts for calculating excluded paths[0m
[32m[2022-11-02 13:18:52][0m - [MainThread] - [1;30m[ERROR][0m - [31mcould not find /workspaces/content/Tests/scripts/infrastructure_tests/tests_data/collect_tests/B_xsoar/Tests/scripts/infrastructure_tests/tests_data for calculating excluded paths[0m
[32m[2022-11-02 13:18:52][0m - [MainThread] - [1;30m[DEBUG][0m - [36mPathManager uses self.content_path.resolve()=PosixPath('/workspaces/content/Tests/scripts/infrastructure_tests/tests_data/collect_tests/B_xsiam'), PathManager.ARTIFACTS_PATH.resolve()=PosixPath('/workspaces/content/Tests/scripts/infrastructure_tests/artifacts')[0m
[32m[2022-11-02 13:18:52][0m - [MainThread] - [1;30m[ERROR][0m - [31mcould not find /workspaces/content/Tests/scripts/infrastructure_tests/tests_data/collect_tests/B_xsiam/.gitlab for calculating excluded paths[0m
[32m[2022-11-02 13:18:52][0m - [MainThread] - [1;30m[ERROR][0m - [31mcould not find /workspaces/content/Tests/scripts/infrastructure_tests/tests_data/collect_tests/B_xsiam/Documentation for calculating excluded paths[0m
[32m[2022-11-02 13:18:52][0m - [MainThread] - [1;30m[ERROR][0m - [31mcould not find /workspaces/content/Tests/scripts/infrastructure_tests/tests_data/collect_tests/B_xsiam/Tests/tools.py for calculating excluded paths[0m
[32m[2022-11-02 13:18:52][0m - [MainThread] - [1;30m[ERROR][0m - [31mcould not find /workspaces/content/Tests/scripts/infrastructure_tests/tests_data/collect_tests/B_xsiam/Tests/update_content_data.py for calculating excluded paths[0m
[32m[2022-11-02 13:18:52][0m - [MainThread] - [1;30m[ERROR][0m - [31mcould not find /workspaces/content/Tests/scripts/infrastructure_tests/tests_data/collect_tests/B_xsiam/Tests/Marketplace for calculating excluded paths[0m
[32m[2022-11-02 13:18:52][0m - [MainThread] - [1;30m[ERROR][0m - [31mcould not find /workspaces/content/Tests/scripts/infrastructure_tests/tests_data/collect_tests/B_xsiam/Tests/private_build for calculating excluded paths[0m
[32m[2022-11-02 13:18:52][0m - [MainThread] - [1;30m[ERROR][0m - [31mcould not find /workspaces/content/Tests/scripts/infrastructure_tests/tests_data/collect_tests/B_xsiam/Tests/scripts for calculating excluded paths[0m
[32m[2022-11-02 13:18:52][0m - [MainThread] - [1;30m[ERROR][0m - [31mcould not find /workspaces/content/Tests/scripts/infrastructure_tests/tests_data/collect_tests/B_xsiam/Tests/scripts/infrastructure_tests/tests_data for calculating excluded paths[0m
[32m[2022-11-02 13:18:52][0m - [MainThread] - [1;30m[DEBUG][0m - [36mPathManager uses self.content_path.resolve()=PosixPath('/workspaces/content/Tests/scripts/infrastructure_tests/tests_data/collect_tests/C'), PathManager.ARTIFACTS_PATH.resolve()=PosixPath('/workspaces/content/Tests/scripts/infrastructure_tests/artifacts')[0m
[32m[2022-11-02 13:18:52][0m - [MainThread] - [1;30m[ERROR][0m - [31mcould not find /workspaces/content/Tests/scripts/infrastructure_tests/tests_data/collect_tests/C/.gitlab for calculating excluded paths[0m
[32m[2022-11-02 13:18:52][0m - [MainThread] - [1;30m[ERROR][0m - [31mcould not find /workspaces/content/Tests/scripts/infrastructure_tests/tests_data/collect_tests/C/Documentation for calculating excluded paths[0m
[32m[2022-11-02 13:18:52][0m - [MainThread] - [1;30m[ERROR][0m - [31mcould not find /workspaces/content/Tests/scripts/infrastructure_tests/tests_data/collect_tests/C/Tests/tools.py for calculating excluded paths[0m
[32m[2022-11-02 13:18:52][0m - [MainThread] - [1;30m[ERROR][0m - [31mcould not find /workspaces/content/Tests/scripts/infrastructure_tests/tests_data/collect_tests/C/Tests/update_content_data.py for calculating excluded paths[0m
[32m[2022-11-02 13:18:52][0m - [MainThread] - [1;30m[ERROR][0m - [31mcould not find /workspaces/content/Tests/scripts/infrastructure_tests/tests_data/collect_tests/C/Tests/Marketplace for calculating excluded paths[0m
[32m[2022-11-02 13:18:52][0m - [MainThread] - [1;30m[ERROR][0m - [31mcould not find /workspaces/content/Tests/scripts/infrastructure_tests/tests_data/collect_tests/C/Tests/private_build for calculating excluded paths[0m
[32m[2022-11-02 13:18:52][0m - [MainThread] - [1;30m[ERROR][0m - [31mcould not find /workspaces/content/Tests/scripts/infrastructure_tests/tests_data/collect_tests/C/Tests/scripts for calculating excluded paths[0m
[32m[2022-11-02 13:18:52][0m - [MainThread] - [1;30m[ERROR][0m - [31mcould not find /workspaces/content/Tests/scripts/infrastructure_tests/tests_data/collect_tests/C/Tests/scripts/infrastructure_tests/tests_data for calculating excluded paths[0m
[32m[2022-11-02 13:18:52][0m - [MainThread] - [1;30m[DEBUG][0m - [36mPathManager uses self.content_path.resolve()=PosixPath('/workspaces/content/Tests/scripts/infrastructure_tests/tests_data/collect_tests/D'), PathManager.ARTIFACTS_PATH.resolve()=PosixPath('/workspaces/content/Tests/scripts/infrastructure_tests/artifacts')[0m
[32m[2022-11-02 13:18:52][0m - [MainThread] - [1;30m[ERROR][0m - [31mcould not find /workspaces/content/Tests/scripts/infrastructure_tests/tests_data/collect_tests/D/.gitlab for calculating excluded paths[0m
[32m[2022-11-02 13:18:52][0m - [MainThread] - [1;30m[ERROR][0m - [31mcould not find /workspaces/content/Tests/scripts/infrastructure_tests/tests_data/collect_tests/D/Documentation for calculating excluded paths[0m
[32m[2022-11-02 13:18:52][0m - [MainThread] - [1;30m[ERROR][0m - [31mcould not find /workspaces/content/Tests/scripts/infrastructure_tests/tests_data/collect_tests/D/Tests/tools.py for calculating excluded paths[0m
[32m[2022-11-02 13:18:52][0m - [MainThread] - [1;30m[ERROR][0m - [31mcould not find /workspaces/content/Tests/scripts/infrastructure_tests/tests_data/collect_tests/D/Tests/update_content_data.py for calculating excluded paths[0m
[32m[2022-11-02 13:18:52][0m - [MainThread] - [1;30m[ERROR][0m - [31mcould not find /workspaces/content/Tests/scripts/infrastructure_tests/tests_data/collect_tests/D/Tests/Marketplace for calculating excluded paths[0m
[32m[2022-11-02 13:18:52][0m - [MainThread] - [1;30m[ERROR][0m - [31mcould not find /workspaces/content/Tests/scripts/infrastructure_tests/tests_data/collect_tests/D/Tests/private_build for calculating excluded paths[0m
[32m[2022-11-02 13:18:52][0m - [MainThread] - [1;30m[ERROR][0m - [31mcould not find /workspaces/content/Tests/scripts/infrastructure_tests/tests_data/collect_tests/D/Tests/scripts for calculating excluded paths[0m
[32m[2022-11-02 13:18:52][0m - [MainThread] - [1;30m[ERROR][0m - [31mcould not find /workspaces/content/Tests/scripts/infrastructure_tests/tests_data/collect_tests/D/Tests/scripts/infrastructure_tests/tests_data for calculating excluded paths[0m
[32m[2022-11-02 13:18:52][0m - [MainThread] - [1;30m[DEBUG][0m - [36mPathManager uses self.content_path.resolve()=PosixPath('/workspaces/content/Tests/scripts/infrastructure_tests/tests_data/collect_tests/E'), PathManager.ARTIFACTS_PATH.resolve()=PosixPath('/workspaces/content/Tests/scripts/infrastructure_tests/artifacts')[0m
[32m[2022-11-02 13:18:52][0m - [MainThread] - [1;30m[ERROR][0m - [31mcould not find /workspaces/content/Tests/scripts/infrastructure_tests/tests_data/collect_tests/E/.gitlab for calculating excluded paths[0m
[32m[2022-11-02 13:18:52][0m - [MainThread] - [1;30m[ERROR][0m - [31mcould not find /workspaces/content/Tests/scripts/infrastructure_tests/tests_data/collect_tests/E/Documentation for calculating excluded paths[0m
[32m[2022-11-02 13:18:52][0m - [MainThread] - [1;30m[ERROR][0m - [31mcould not find /workspaces/content/Tests/scripts/infrastructure_tests/tests_data/collect_tests/E/Tests/tools.py for calculating excluded paths[0m
[32m[2022-11-02 13:18:52][0m - [MainThread] - [1;30m[ERROR][0m - [31mcould not find /workspaces/content/Tests/scripts/infrastructure_tests/tests_data/collect_tests/E/Tests/update_content_data.py for calculating excluded paths[0m
[32m[2022-11-02 13:18:52][0m - [MainThread] - [1;30m[ERROR][0m - [31mcould not find /workspaces/content/Tests/scripts/infrastructure_tests/tests_data/collect_tests/E/Tests/Marketplace for calculating excluded paths[0m
[32m[2022-11-02 13:18:52][0m - [MainThread] - [1;30m[ERROR][0m - [31mcould not find /workspaces/content/Tests/scripts/infrastructure_tests/tests_data/collect_tests/E/Tests/private_build for calculating excluded paths[0m
[32m[2022-11-02 13:18:52][0m - [MainThread] - [1;30m[ERROR][0m - [31mcould not find /workspaces/content/Tests/scripts/infrastructure_tests/tests_data/collect_tests/E/Tests/scripts for calculating excluded paths[0m
[32m[2022-11-02 13:18:52][0m - [MainThread] - [1;30m[ERROR][0m - [31mcould not find /workspaces/content/Tests/scripts/infrastructure_tests/tests_data/collect_tests/E/Tests/scripts/infrastructure_tests/tests_data for calculating excluded paths[0m
[32m[2022-11-02 13:18:52][0m - [MainThread] - [1;30m[DEBUG][0m - [36mPathManager uses self.content_path.resolve()=PosixPath('/workspaces/content/Tests/scripts/infrastructure_tests/tests_data/collect_tests/F'), PathManager.ARTIFACTS_PATH.resolve()=PosixPath('/workspaces/content/Tests/scripts/infrastructure_tests/artifacts')[0m
[32m[2022-11-02 13:18:52][0m - [MainThread] - [1;30m[ERROR][0m - [31mcould not find /workspaces/content/Tests/scripts/infrastructure_tests/tests_data/collect_tests/F/.gitlab for calculating excluded paths[0m
[32m[2022-11-02 13:18:52][0m - [MainThread] - [1;30m[ERROR][0m - [31mcould not find /workspaces/content/Tests/scripts/infrastructure_tests/tests_data/collect_tests/F/Documentation for calculating excluded paths[0m
[32m[2022-11-02 13:18:52][0m - [MainThread] - [1;30m[ERROR][0m - [31mcould not find /workspaces/content/Tests/scripts/infrastructure_tests/tests_data/collect_tests/F/Tests/tools.py for calculating excluded paths[0m
[32m[2022-11-02 13:18:52][0m - [MainThread] - [1;30m[ERROR][0m - [31mcould not find /workspaces/content/Tests/scripts/infrastructure_tests/tests_data/collect_tests/F/Tests/update_content_data.py for calculating excluded paths[0m
[32m[2022-11-02 13:18:52][0m - [MainThread] - [1;30m[ERROR][0m - [31mcould not find /workspaces/content/Tests/scripts/infrastructure_tests/tests_data/collect_tests/F/Tests/Marketplace for calculating excluded paths[0m
[32m[2022-11-02 13:18:52][0m - [MainThread] - [1;30m[ERROR][0m - [31mcould not find /workspaces/content/Tests/scripts/infrastructure_tests/tests_data/collect_tests/F/Tests/private_build for calculating excluded paths[0m
[32m[2022-11-02 13:18:52][0m - [MainThread] - [1;30m[ERROR][0m - [31mcould not find /workspaces/content/Tests/scripts/infrastructure_tests/tests_data/collect_tests/F/Tests/scripts for calculating excluded paths[0m
[32m[2022-11-02 13:18:52][0m - [MainThread] - [1;30m[ERROR][0m - [31mcould not find /workspaces/content/Tests/scripts/infrastructure_tests/tests_data/collect_tests/F/Tests/scripts/infrastructure_tests/tests_data for calculating excluded paths[0m
[32m[2022-11-02 13:18:52][0m - [MainThread] - [1;30m[DEBUG][0m - [36mPathManager uses self.content_path.resolve()=PosixPath('/workspaces/content/Tests/scripts/infrastructure_tests/tests_data/collect_tests/G'), PathManager.ARTIFACTS_PATH.resolve()=PosixPath('/workspaces/content/Tests/scripts/infrastructure_tests/artifacts')[0m
[32m[2022-11-02 13:18:52][0m - [MainThread] - [1;30m[ERROR][0m - [31mcould not find /workspaces/content/Tests/scripts/infrastructure_tests/tests_data/collect_tests/G/.gitlab for calculating excluded paths[0m
[32m[2022-11-02 13:18:52][0m - [MainThread] - [1;30m[ERROR][0m - [31mcould not find /workspaces/content/Tests/scripts/infrastructure_tests/tests_data/collect_tests/G/Documentation for calculating excluded paths[0m
[32m[2022-11-02 13:18:52][0m - [MainThread] - [1;30m[ERROR][0m - [31mcould not find /workspaces/content/Tests/scripts/infrastructure_tests/tests_data/collect_tests/G/Tests/tools.py for calculating excluded paths[0m
[32m[2022-11-02 13:18:52][0m - [MainThread] - [1;30m[ERROR][0m - [31mcould not find /workspaces/content/Tests/scripts/infrastructure_tests/tests_data/collect_tests/G/Tests/update_content_data.py for calculating excluded paths[0m
[32m[2022-11-02 13:18:52][0m - [MainThread] - [1;30m[ERROR][0m - [31mcould not find /workspaces/content/Tests/scripts/infrastructure_tests/tests_data/collect_tests/G/Tests/Marketplace for calculating excluded paths[0m
[32m[2022-11-02 13:18:52][0m - [MainThread] - [1;30m[ERROR][0m - [31mcould not find /workspaces/content/Tests/scripts/infrastructure_tests/tests_data/collect_tests/G/Tests/private_build for calculating excluded paths[0m
[32m[2022-11-02 13:18:52][0m - [MainThread] - [1;30m[ERROR][0m - [31mcould not find /workspaces/content/Tests/scripts/infrastructure_tests/tests_data/collect_tests/G/Tests/scripts for calculating excluded paths[0m
[32m[2022-11-02 13:18:52][0m - [MainThread] - [1;30m[ERROR][0m - [31mcould not find /workspaces/content/Tests/scripts/infrastructure_tests/tests_data/collect_tests/G/Tests/scripts/infrastructure_tests/tests_data for calculating excluded paths[0m
[32m[2022-11-02 13:18:52][0m - [MainThread] - [1;30m[DEBUG][0m - [36mPathManager uses self.content_path.resolve()=PosixPath('/workspaces/content/Tests/scripts/infrastructure_tests/tests_data/collect_tests/H'), PathManager.ARTIFACTS_PATH.resolve()=PosixPath('/workspaces/content/Tests/scripts/infrastructure_tests/artifacts')[0m
[32m[2022-11-02 13:18:52][0m - [MainThread] - [1;30m[ERROR][0m - [31mcould not find /workspaces/content/Tests/scripts/infrastructure_tests/tests_data/collect_tests/H/.gitlab for calculating excluded paths[0m
[32m[2022-11-02 13:18:52][0m - [MainThread] - [1;30m[ERROR][0m - [31mcould not find /workspaces/content/Tests/scripts/infrastructure_tests/tests_data/collect_tests/H/Documentation for calculating excluded paths[0m
[32m[2022-11-02 13:18:52][0m - [MainThread] - [1;30m[ERROR][0m - [31mcould not find /workspaces/content/Tests/scripts/infrastructure_tests/tests_data/collect_tests/H/Tests/tools.py for calculating excluded paths[0m
[32m[2022-11-02 13:18:52][0m - [MainThread] - [1;30m[ERROR][0m - [31mcould not find /workspaces/content/Tests/scripts/infrastructure_tests/tests_data/collect_tests/H/Tests/update_content_data.py for calculating excluded paths[0m
[32m[2022-11-02 13:18:52][0m - [MainThread] - [1;30m[ERROR][0m - [31mcould not find /workspaces/content/Tests/scripts/infrastructure_tests/tests_data/collect_tests/H/Tests/Marketplace for calculating excluded paths[0m
[32m[2022-11-02 13:18:52][0m - [MainThread] - [1;30m[ERROR][0m - [31mcould not find /workspaces/content/Tests/scripts/infrastructure_tests/tests_data/collect_tests/H/Tests/private_build for calculating excluded paths[0m
[32m[2022-11-02 13:18:52][0m - [MainThread] - [1;30m[ERROR][0m - [31mcould not find /workspaces/content/Tests/scripts/infrastructure_tests/tests_data/collect_tests/H/Tests/scripts for calculating excluded paths[0m
[32m[2022-11-02 13:18:52][0m - [MainThread] - [1;30m[ERROR][0m - [31mcould not find /workspaces/content/Tests/scripts/infrastructure_tests/tests_data/collect_tests/H/Tests/scripts/infrastructure_tests/tests_data for calculating excluded paths[0m
[32m[2022-11-02 13:18:52][0m - [MainThread] - [1;30m[DEBUG][0m - [36mPathManager uses self.content_path.resolve()=PosixPath('/workspaces/content/Tests/scripts/infrastructure_tests/tests_data/collect_tests/I_xsoar'), PathManager.ARTIFACTS_PATH.resolve()=PosixPath('/workspaces/content/Tests/scripts/infrastructure_tests/artifacts')[0m
[32m[2022-11-02 13:18:52][0m - [MainThread] - [1;30m[ERROR][0m - [31mcould not find /workspaces/content/Tests/scripts/infrastructure_tests/tests_data/collect_tests/I_xsoar/.gitlab for calculating excluded paths[0m
[32m[2022-11-02 13:18:52][0m - [MainThread] - [1;30m[ERROR][0m - [31mcould not find /workspaces/content/Tests/scripts/infrastructure_tests/tests_data/collect_tests/I_xsoar/Documentation for calculating excluded paths[0m
[32m[2022-11-02 13:18:52][0m - [MainThread] - [1;30m[ERROR][0m - [31mcould not find /workspaces/content/Tests/scripts/infrastructure_tests/tests_data/collect_tests/I_xsoar/Tests/tools.py for calculating excluded paths[0m
[32m[2022-11-02 13:18:52][0m - [MainThread] - [1;30m[ERROR][0m - [31mcould not find /workspaces/content/Tests/scripts/infrastructure_tests/tests_data/collect_tests/I_xsoar/Tests/update_content_data.py for calculating excluded paths[0m
[32m[2022-11-02 13:18:52][0m - [MainThread] - [1;30m[ERROR][0m - [31mcould not find /workspaces/content/Tests/scripts/infrastructure_tests/tests_data/collect_tests/I_xsoar/Tests/Marketplace for calculating excluded paths[0m
[32m[2022-11-02 13:18:52][0m - [MainThread] - [1;30m[ERROR][0m - [31mcould not find /workspaces/content/Tests/scripts/infrastructure_tests/tests_data/collect_tests/I_xsoar/Tests/private_build for calculating excluded paths[0m
[32m[2022-11-02 13:18:52][0m - [MainThread] - [1;30m[ERROR][0m - [31mcould not find /workspaces/content/Tests/scripts/infrastructure_tests/tests_data/collect_tests/I_xsoar/Tests/scripts for calculating excluded paths[0m
[32m[2022-11-02 13:18:52][0m - [MainThread] - [1;30m[ERROR][0m - [31mcould not find /workspaces/content/Tests/scripts/infrastructure_tests/tests_data/collect_tests/I_xsoar/Tests/scripts/infrastructure_tests/tests_data for calculating excluded paths[0m
[32m[2022-11-02 13:18:52][0m - [MainThread] - [1;30m[DEBUG][0m - [36mPathManager uses self.content_path.resolve()=PosixPath('/workspaces/content/Tests/scripts/infrastructure_tests/tests_data/collect_tests/J'), PathManager.ARTIFACTS_PATH.resolve()=PosixPath('/workspaces/content/Tests/scripts/infrastructure_tests/artifacts')[0m
[32m[2022-11-02 13:18:52][0m - [MainThread] - [1;30m[ERROR][0m - [31mcould not find /workspaces/content/Tests/scripts/infrastructure_tests/tests_data/collect_tests/J/.gitlab for calculating excluded paths[0m
[32m[2022-11-02 13:18:52][0m - [MainThread] - [1;30m[ERROR][0m - [31mcould not find /workspaces/content/Tests/scripts/infrastructure_tests/tests_data/collect_tests/J/Documentation for calculating excluded paths[0m
[32m[2022-11-02 13:18:52][0m - [MainThread] - [1;30m[ERROR][0m - [31mcould not find /workspaces/content/Tests/scripts/infrastructure_tests/tests_data/collect_tests/J/Tests/tools.py for calculating excluded paths[0m
[32m[2022-11-02 13:18:52][0m - [MainThread] - [1;30m[ERROR][0m - [31mcould not find /workspaces/content/Tests/scripts/infrastructure_tests/tests_data/collect_tests/J/Tests/update_content_data.py for calculating excluded paths[0m
[32m[2022-11-02 13:18:52][0m - [MainThread] - [1;30m[ERROR][0m - [31mcould not find /workspaces/content/Tests/scripts/infrastructure_tests/tests_data/collect_tests/J/Tests/Marketplace for calculating excluded paths[0m
[32m[2022-11-02 13:18:52][0m - [MainThread] - [1;30m[ERROR][0m - [31mcould not find /workspaces/content/Tests/scripts/infrastructure_tests/tests_data/collect_tests/J/Tests/private_build for calculating excluded paths[0m
[32m[2022-11-02 13:18:52][0m - [MainThread] - [1;30m[ERROR][0m - [31mcould not find /workspaces/content/Tests/scripts/infrastructure_tests/tests_data/collect_tests/J/Tests/scripts for calculating excluded paths[0m
[32m[2022-11-02 13:18:52][0m - [MainThread] - [1;30m[ERROR][0m - [31mcould not find /workspaces/content/Tests/scripts/infrastructure_tests/tests_data/collect_tests/J/Tests/scripts/infrastructure_tests/tests_data for calculating excluded paths[0m
[32m[2022-11-02 13:18:52][0m - [MainThread] - [1;30m[DEBUG][0m - [36mPathManager uses self.content_path.resolve()=PosixPath('/workspaces/content/Tests/scripts/infrastructure_tests/tests_data/collect_tests/K'), PathManager.ARTIFACTS_PATH.resolve()=PosixPath('/workspaces/content/Tests/scripts/infrastructure_tests/artifacts')[0m
[32m[2022-11-02 13:18:52][0m - [MainThread] - [1;30m[ERROR][0m - [31mcould not find /workspaces/content/Tests/scripts/infrastructure_tests/tests_data/collect_tests/K/.gitlab for calculating excluded paths[0m
[32m[2022-11-02 13:18:52][0m - [MainThread] - [1;30m[ERROR][0m - [31mcould not find /workspaces/content/Tests/scripts/infrastructure_tests/tests_data/collect_tests/K/Documentation for calculating excluded paths[0m
[32m[2022-11-02 13:18:52][0m - [MainThread] - [1;30m[ERROR][0m - [31mcould not find /workspaces/content/Tests/scripts/infrastructure_tests/tests_data/collect_tests/K/Tests/tools.py for calculating excluded paths[0m
[32m[2022-11-02 13:18:52][0m - [MainThread] - [1;30m[ERROR][0m - [31mcould not find /workspaces/content/Tests/scripts/infrastructure_tests/tests_data/collect_tests/K/Tests/update_content_data.py for calculating excluded paths[0m
[32m[2022-11-02 13:18:52][0m - [MainThread] - [1;30m[ERROR][0m - [31mcould not find /workspaces/content/Tests/scripts/infrastructure_tests/tests_data/collect_tests/K/Tests/Marketplace for calculating excluded paths[0m
[32m[2022-11-02 13:18:52][0m - [MainThread] - [1;30m[ERROR][0m - [31mcould not find /workspaces/content/Tests/scripts/infrastructure_tests/tests_data/collect_tests/K/Tests/private_build for calculating excluded paths[0m
[32m[2022-11-02 13:18:52][0m - [MainThread] - [1;30m[ERROR][0m - [31mcould not find /workspaces/content/Tests/scripts/infrastructure_tests/tests_data/collect_tests/K/Tests/scripts for calculating excluded paths[0m
[32m[2022-11-02 13:18:52][0m - [MainThread] - [1;30m[ERROR][0m - [31mcould not find /workspaces/content/Tests/scripts/infrastructure_tests/tests_data/collect_tests/K/Tests/scripts/infrastructure_tests/tests_data for calculating excluded paths[0m
[32m[2022-11-02 13:18:52][0m - [MainThread] - [1;30m[DEBUG][0m - [36mPathManager uses self.content_path.resolve()=PosixPath('/workspaces/content/Tests/scripts/infrastructure_tests/tests_data/collect_tests/L_XSIAM'), PathManager.ARTIFACTS_PATH.resolve()=PosixPath('/workspaces/content/Tests/scripts/infrastructure_tests/artifacts')[0m
[32m[2022-11-02 13:18:52][0m - [MainThread] - [1;30m[ERROR][0m - [31mcould not find /workspaces/content/Tests/scripts/infrastructure_tests/tests_data/collect_tests/L_XSIAM/.gitlab for calculating excluded paths[0m
[32m[2022-11-02 13:18:52][0m - [MainThread] - [1;30m[ERROR][0m - [31mcould not find /workspaces/content/Tests/scripts/infrastructure_tests/tests_data/collect_tests/L_XSIAM/Documentation for calculating excluded paths[0m
[32m[2022-11-02 13:18:52][0m - [MainThread] - [1;30m[ERROR][0m - [31mcould not find /workspaces/content/Tests/scripts/infrastructure_tests/tests_data/collect_tests/L_XSIAM/Tests/tools.py for calculating excluded paths[0m
[32m[2022-11-02 13:18:52][0m - [MainThread] - [1;30m[ERROR][0m - [31mcould not find /workspaces/content/Tests/scripts/infrastructure_tests/tests_data/collect_tests/L_XSIAM/Tests/update_content_data.py for calculating excluded paths[0m
[32m[2022-11-02 13:18:52][0m - [MainThread] - [1;30m[ERROR][0m - [31mcould not find /workspaces/content/Tests/scripts/infrastructure_tests/tests_data/collect_tests/L_XSIAM/Tests/Marketplace for calculating excluded paths[0m
[32m[2022-11-02 13:18:52][0m - [MainThread] - [1;30m[ERROR][0m - [31mcould not find /workspaces/content/Tests/scripts/infrastructure_tests/tests_data/collect_tests/L_XSIAM/Tests/private_build for calculating excluded paths[0m
[32m[2022-11-02 13:18:52][0m - [MainThread] - [1;30m[ERROR][0m - [31mcould not find /workspaces/content/Tests/scripts/infrastructure_tests/tests_data/collect_tests/L_XSIAM/Tests/scripts for calculating excluded paths[0m
[32m[2022-11-02 13:18:52][0m - [MainThread] - [1;30m[ERROR][0m - [31mcould not find /workspaces/content/Tests/scripts/infrastructure_tests/tests_data/collect_tests/L_XSIAM/Tests/scripts/infrastructure_tests/tests_data for calculating excluded paths[0m
[32m[2022-11-02 13:18:52][0m - [MainThread] - [1;30m[DEBUG][0m - [36mPathManager uses self.content_path.resolve()=PosixPath('/workspaces/content/Tests/scripts/infrastructure_tests/tests_data/collect_tests/M1'), PathManager.ARTIFACTS_PATH.resolve()=PosixPath('/workspaces/content/Tests/scripts/infrastructure_tests/artifacts')[0m
[32m[2022-11-02 13:18:52][0m - [MainThread] - [1;30m[ERROR][0m - [31mcould not find /workspaces/content/Tests/scripts/infrastructure_tests/tests_data/collect_tests/M1/.gitlab for calculating excluded paths[0m
[32m[2022-11-02 13:18:52][0m - [MainThread] - [1;30m[ERROR][0m - [31mcould not find /workspaces/content/Tests/scripts/infrastructure_tests/tests_data/collect_tests/M1/Documentation for calculating excluded paths[0m
[32m[2022-11-02 13:18:52][0m - [MainThread] - [1;30m[ERROR][0m - [31mcould not find /workspaces/content/Tests/scripts/infrastructure_tests/tests_data/collect_tests/M1/Tests/tools.py for calculating excluded paths[0m
[32m[2022-11-02 13:18:52][0m - [MainThread] - [1;30m[ERROR][0m - [31mcould not find /workspaces/content/Tests/scripts/infrastructure_tests/tests_data/collect_tests/M1/Tests/update_content_data.py for calculating excluded paths[0m
[32m[2022-11-02 13:18:52][0m - [MainThread] - [1;30m[ERROR][0m - [31mcould not find /workspaces/content/Tests/scripts/infrastructure_tests/tests_data/collect_tests/M1/Tests/Marketplace for calculating excluded paths[0m
[32m[2022-11-02 13:18:52][0m - [MainThread] - [1;30m[ERROR][0m - [31mcould not find /workspaces/content/Tests/scripts/infrastructure_tests/tests_data/collect_tests/M1/Tests/private_build for calculating excluded paths[0m
[32m[2022-11-02 13:18:52][0m - [MainThread] - [1;30m[ERROR][0m - [31mcould not find /workspaces/content/Tests/scripts/infrastructure_tests/tests_data/collect_tests/M1/Tests/scripts for calculating excluded paths[0m
[32m[2022-11-02 13:18:52][0m - [MainThread] - [1;30m[ERROR][0m - [31mcould not find /workspaces/content/Tests/scripts/infrastructure_tests/tests_data/collect_tests/M1/Tests/scripts/infrastructure_tests/tests_data for calculating excluded paths[0m
[32m[2022-11-02 13:18:52][0m - [MainThread] - [1;30m[DEBUG][0m - [36mPathManager uses self.content_path.resolve()=PosixPath('/workspaces/content/Tests/scripts/infrastructure_tests/tests_data/collect_tests/M2'), PathManager.ARTIFACTS_PATH.resolve()=PosixPath('/workspaces/content/Tests/scripts/infrastructure_tests/artifacts')[0m
[32m[2022-11-02 13:18:52][0m - [MainThread] - [1;30m[ERROR][0m - [31mcould not find /workspaces/content/Tests/scripts/infrastructure_tests/tests_data/collect_tests/M2/.gitlab for calculating excluded paths[0m
[32m[2022-11-02 13:18:52][0m - [MainThread] - [1;30m[ERROR][0m - [31mcould not find /workspaces/content/Tests/scripts/infrastructure_tests/tests_data/collect_tests/M2/Documentation for calculating excluded paths[0m
[32m[2022-11-02 13:18:52][0m - [MainThread] - [1;30m[ERROR][0m - [31mcould not find /workspaces/content/Tests/scripts/infrastructure_tests/tests_data/collect_tests/M2/Tests/tools.py for calculating excluded paths[0m
[32m[2022-11-02 13:18:52][0m - [MainThread] - [1;30m[ERROR][0m - [31mcould not find /workspaces/content/Tests/scripts/infrastructure_tests/tests_data/collect_tests/M2/Tests/update_content_data.py for calculating excluded paths[0m
[32m[2022-11-02 13:18:52][0m - [MainThread] - [1;30m[ERROR][0m - [31mcould not find /workspaces/content/Tests/scripts/infrastructure_tests/tests_data/collect_tests/M2/Tests/Marketplace for calculating excluded paths[0m
[32m[2022-11-02 13:18:52][0m - [MainThread] - [1;30m[ERROR][0m - [31mcould not find /workspaces/content/Tests/scripts/infrastructure_tests/tests_data/collect_tests/M2/Tests/private_build for calculating excluded paths[0m
[32m[2022-11-02 13:18:52][0m - [MainThread] - [1;30m[ERROR][0m - [31mcould not find /workspaces/content/Tests/scripts/infrastructure_tests/tests_data/collect_tests/M2/Tests/scripts for calculating excluded paths[0m
[32m[2022-11-02 13:18:52][0m - [MainThread] - [1;30m[ERROR][0m - [31mcould not find /workspaces/content/Tests/scripts/infrastructure_tests/tests_data/collect_tests/M2/Tests/scripts/infrastructure_tests/tests_data for calculating excluded paths[0m
[32m[2022-11-02 13:18:52][0m - [MainThread] - [1;30m[DEBUG][0m - [36mPathManager uses self.content_path.resolve()=PosixPath('/workspaces/content/Tests/scripts/infrastructure_tests/tests_data/collect_tests/M3'), PathManager.ARTIFACTS_PATH.resolve()=PosixPath('/workspaces/content/Tests/scripts/infrastructure_tests/artifacts')[0m
[32m[2022-11-02 13:18:52][0m - [MainThread] - [1;30m[ERROR][0m - [31mcould not find /workspaces/content/Tests/scripts/infrastructure_tests/tests_data/collect_tests/M3/.gitlab for calculating excluded paths[0m
[32m[2022-11-02 13:18:52][0m - [MainThread] - [1;30m[ERROR][0m - [31mcould not find /workspaces/content/Tests/scripts/infrastructure_tests/tests_data/collect_tests/M3/Documentation for calculating excluded paths[0m
[32m[2022-11-02 13:18:52][0m - [MainThread] - [1;30m[ERROR][0m - [31mcould not find /workspaces/content/Tests/scripts/infrastructure_tests/tests_data/collect_tests/M3/Tests/tools.py for calculating excluded paths[0m
[32m[2022-11-02 13:18:52][0m - [MainThread] - [1;30m[ERROR][0m - [31mcould not find /workspaces/content/Tests/scripts/infrastructure_tests/tests_data/collect_tests/M3/Tests/update_content_data.py for calculating excluded paths[0m
[32m[2022-11-02 13:18:52][0m - [MainThread] - [1;30m[ERROR][0m - [31mcould not find /workspaces/content/Tests/scripts/infrastructure_tests/tests_data/collect_tests/M3/Tests/Marketplace for calculating excluded paths[0m
[32m[2022-11-02 13:18:52][0m - [MainThread] - [1;30m[ERROR][0m - [31mcould not find /workspaces/content/Tests/scripts/infrastructure_tests/tests_data/collect_tests/M3/Tests/private_build for calculating excluded paths[0m
[32m[2022-11-02 13:18:52][0m - [MainThread] - [1;30m[ERROR][0m - [31mcould not find /workspaces/content/Tests/scripts/infrastructure_tests/tests_data/collect_tests/M3/Tests/scripts for calculating excluded paths[0m
[32m[2022-11-02 13:18:52][0m - [MainThread] - [1;30m[ERROR][0m - [31mcould not find /workspaces/content/Tests/scripts/infrastructure_tests/tests_data/collect_tests/M3/Tests/scripts/infrastructure_tests/tests_data for calculating excluded paths[0m
[32m[2022-11-02 13:18:52][0m - [MainThread] - [1;30m[DEBUG][0m - [36mPathManager uses self.content_path.resolve()=PosixPath('/workspaces/content/Tests/scripts/infrastructure_tests/tests_data/collect_tests/P'), PathManager.ARTIFACTS_PATH.resolve()=PosixPath('/workspaces/content/Tests/scripts/infrastructure_tests/artifacts')[0m
[32m[2022-11-02 13:18:52][0m - [MainThread] - [1;30m[ERROR][0m - [31mcould not find /workspaces/content/Tests/scripts/infrastructure_tests/tests_data/collect_tests/P/.gitlab for calculating excluded paths[0m
[32m[2022-11-02 13:18:52][0m - [MainThread] - [1;30m[ERROR][0m - [31mcould not find /workspaces/content/Tests/scripts/infrastructure_tests/tests_data/collect_tests/P/Documentation for calculating excluded paths[0m
[32m[2022-11-02 13:18:52][0m - [MainThread] - [1;30m[ERROR][0m - [31mcould not find /workspaces/content/Tests/scripts/infrastructure_tests/tests_data/collect_tests/P/Tests/tools.py for calculating excluded paths[0m
[32m[2022-11-02 13:18:52][0m - [MainThread] - [1;30m[ERROR][0m - [31mcould not find /workspaces/content/Tests/scripts/infrastructure_tests/tests_data/collect_tests/P/Tests/update_content_data.py for calculating excluded paths[0m
[32m[2022-11-02 13:18:52][0m - [MainThread] - [1;30m[ERROR][0m - [31mcould not find /workspaces/content/Tests/scripts/infrastructure_tests/tests_data/collect_tests/P/Tests/Marketplace for calculating excluded paths[0m
[32m[2022-11-02 13:18:52][0m - [MainThread] - [1;30m[ERROR][0m - [31mcould not find /workspaces/content/Tests/scripts/infrastructure_tests/tests_data/collect_tests/P/Tests/private_build for calculating excluded paths[0m
[32m[2022-11-02 13:18:52][0m - [MainThread] - [1;30m[ERROR][0m - [31mcould not find /workspaces/content/Tests/scripts/infrastructure_tests/tests_data/collect_tests/P/Tests/scripts for calculating excluded paths[0m
[32m[2022-11-02 13:18:52][0m - [MainThread] - [1;30m[ERROR][0m - [31mcould not find /workspaces/content/Tests/scripts/infrastructure_tests/tests_data/collect_tests/P/Tests/scripts/infrastructure_tests/tests_data for calculating excluded paths[0m
[32m[2022-11-02 13:18:52][0m - [MainThread] - [1;30m[DEBUG][0m - [36mPathManager uses self.content_path.resolve()=PosixPath('/workspaces/content/Tests/scripts/infrastructure_tests/tests_data/collect_tests/limited_nightly_packs'), PathManager.ARTIFACTS_PATH.resolve()=PosixPath('/workspaces/content/Tests/scripts/infrastructure_tests/artifacts')[0m
[32m[2022-11-02 13:18:52][0m - [MainThread] - [1;30m[ERROR][0m - [31mcould not find /workspaces/content/Tests/scripts/infrastructure_tests/tests_data/collect_tests/limited_nightly_packs/.gitlab for calculating excluded paths[0m
[32m[2022-11-02 13:18:52][0m - [MainThread] - [1;30m[ERROR][0m - [31mcould not find /workspaces/content/Tests/scripts/infrastructure_tests/tests_data/collect_tests/limited_nightly_packs/Documentation for calculating excluded paths[0m
[32m[2022-11-02 13:18:52][0m - [MainThread] - [1;30m[ERROR][0m - [31mcould not find /workspaces/content/Tests/scripts/infrastructure_tests/tests_data/collect_tests/limited_nightly_packs/Tests/tools.py for calculating excluded paths[0m
[32m[2022-11-02 13:18:52][0m - [MainThread] - [1;30m[ERROR][0m - [31mcould not find /workspaces/content/Tests/scripts/infrastructure_tests/tests_data/collect_tests/limited_nightly_packs/Tests/update_content_data.py for calculating excluded paths[0m
[32m[2022-11-02 13:18:52][0m - [MainThread] - [1;30m[ERROR][0m - [31mcould not find /workspaces/content/Tests/scripts/infrastructure_tests/tests_data/collect_tests/limited_nightly_packs/Tests/Marketplace for calculating excluded paths[0m
[32m[2022-11-02 13:18:52][0m - [MainThread] - [1;30m[ERROR][0m - [31mcould not find /workspaces/content/Tests/scripts/infrastructure_tests/tests_data/collect_tests/limited_nightly_packs/Tests/private_build for calculating excluded paths[0m
[32m[2022-11-02 13:18:52][0m - [MainThread] - [1;30m[ERROR][0m - [31mcould not find /workspaces/content/Tests/scripts/infrastructure_tests/tests_data/collect_tests/limited_nightly_packs/Tests/scripts for calculating excluded paths[0m
[32m[2022-11-02 13:18:52][0m - [MainThread] - [1;30m[ERROR][0m - [31mcould not find /workspaces/content/Tests/scripts/infrastructure_tests/tests_data/collect_tests/limited_nightly_packs/Tests/scripts/infrastructure_tests/tests_data for calculating excluded paths[0m
[32m[2022-11-02 13:18:52][0m - [MainThread] - [1;30m[DEBUG][0m - [36mPathManager uses self.content_path.resolve()=PosixPath('/workspaces/content/Tests/scripts/infrastructure_tests/tests_data/collect_tests/non_api_test'), PathManager.ARTIFACTS_PATH.resolve()=PosixPath('/workspaces/content/Tests/scripts/infrastructure_tests/artifacts')[0m
[32m[2022-11-02 13:18:52][0m - [MainThread] - [1;30m[ERROR][0m - [31mcould not find /workspaces/content/Tests/scripts/infrastructure_tests/tests_data/collect_tests/non_api_test/.gitlab for calculating excluded paths[0m
[32m[2022-11-02 13:18:52][0m - [MainThread] - [1;30m[ERROR][0m - [31mcould not find /workspaces/content/Tests/scripts/infrastructure_tests/tests_data/collect_tests/non_api_test/Documentation for calculating excluded paths[0m
[32m[2022-11-02 13:18:52][0m - [MainThread] - [1;30m[ERROR][0m - [31mcould not find /workspaces/content/Tests/scripts/infrastructure_tests/tests_data/collect_tests/non_api_test/Tests/tools.py for calculating excluded paths[0m
[32m[2022-11-02 13:18:52][0m - [MainThread] - [1;30m[ERROR][0m - [31mcould not find /workspaces/content/Tests/scripts/infrastructure_tests/tests_data/collect_tests/non_api_test/Tests/update_content_data.py for calculating excluded paths[0m
[32m[2022-11-02 13:18:52][0m - [MainThread] - [1;30m[ERROR][0m - [31mcould not find /workspaces/content/Tests/scripts/infrastructure_tests/tests_data/collect_tests/non_api_test/Tests/Marketplace for calculating excluded paths[0m
[32m[2022-11-02 13:18:52][0m - [MainThread] - [1;30m[ERROR][0m - [31mcould not find /workspaces/content/Tests/scripts/infrastructure_tests/tests_data/collect_tests/non_api_test/Tests/private_build for calculating excluded paths[0m
[32m[2022-11-02 13:18:52][0m - [MainThread] - [1;30m[ERROR][0m - [31mcould not find /workspaces/content/Tests/scripts/infrastructure_tests/tests_data/collect_tests/non_api_test/Tests/scripts for calculating excluded paths[0m
[32m[2022-11-02 13:18:52][0m - [MainThread] - [1;30m[ERROR][0m - [31mcould not find /workspaces/content/Tests/scripts/infrastructure_tests/tests_data/collect_tests/non_api_test/Tests/scripts/infrastructure_tests/tests_data for calculating excluded paths[0m
[32m[2022-11-02 13:18:52][0m - [MainThread] - [1;30m[DEBUG][0m - [36mPathManager uses self.content_path.resolve()=PosixPath('/workspaces/content/Tests/scripts/infrastructure_tests/tests_data/collect_tests/script_non_api_test'), PathManager.ARTIFACTS_PATH.resolve()=PosixPath('/workspaces/content/Tests/scripts/infrastructure_tests/artifacts')[0m
[32m[2022-11-02 13:18:52][0m - [MainThread] - [1;30m[ERROR][0m - [31mcould not find /workspaces/content/Tests/scripts/infrastructure_tests/tests_data/collect_tests/script_non_api_test/.gitlab for calculating excluded paths[0m
[32m[2022-11-02 13:18:52][0m - [MainThread] - [1;30m[ERROR][0m - [31mcould not find /workspaces/content/Tests/scripts/infrastructure_tests/tests_data/collect_tests/script_non_api_test/Documentation for calculating excluded paths[0m
[32m[2022-11-02 13:18:52][0m - [MainThread] - [1;30m[ERROR][0m - [31mcould not find /workspaces/content/Tests/scripts/infrastructure_tests/tests_data/collect_tests/script_non_api_test/Tests/tools.py for calculating excluded paths[0m
[32m[2022-11-02 13:18:52][0m - [MainThread] - [1;30m[ERROR][0m - [31mcould not find /workspaces/content/Tests/scripts/infrastructure_tests/tests_data/collect_tests/script_non_api_test/Tests/update_content_data.py for calculating excluded paths[0m
[32m[2022-11-02 13:18:52][0m - [MainThread] - [1;30m[ERROR][0m - [31mcould not find /workspaces/content/Tests/scripts/infrastructure_tests/tests_data/collect_tests/script_non_api_test/Tests/Marketplace for calculating excluded paths[0m
[32m[2022-11-02 13:18:52][0m - [MainThread] - [1;30m[ERROR][0m - [31mcould not find /workspaces/content/Tests/scripts/infrastructure_tests/tests_data/collect_tests/script_non_api_test/Tests/private_build for calculating excluded paths[0m
[32m[2022-11-02 13:18:52][0m - [MainThread] - [1;30m[ERROR][0m - [31mcould not find /workspaces/content/Tests/scripts/infrastructure_tests/tests_data/collect_tests/script_non_api_test/Tests/scripts for calculating excluded paths[0m
[32m[2022-11-02 13:18:52][0m - [MainThread] - [1;30m[ERROR][0m - [31mcould not find /workspaces/content/Tests/scripts/infrastructure_tests/tests_data/collect_tests/script_non_api_test/Tests/scripts/infrastructure_tests/tests_data for calculating excluded paths[0m
[32m[2022-11-02 13:18:52][0m - [MainThread] - [1;30m[DEBUG][0m - [36mPathManager uses self.content_path.resolve()=PosixPath('/workspaces/content/Tests/scripts/infrastructure_tests/tests_data/collect_tests/skipped_nightly_test'), PathManager.ARTIFACTS_PATH.resolve()=PosixPath('/workspaces/content/Tests/scripts/infrastructure_tests/artifacts')[0m
[32m[2022-11-02 13:18:52][0m - [MainThread] - [1;30m[ERROR][0m - [31mcould not find /workspaces/content/Tests/scripts/infrastructure_tests/tests_data/collect_tests/skipped_nightly_test/.gitlab for calculating excluded paths[0m
[32m[2022-11-02 13:18:52][0m - [MainThread] - [1;30m[ERROR][0m - [31mcould not find /workspaces/content/Tests/scripts/infrastructure_tests/tests_data/collect_tests/skipped_nightly_test/Documentation for calculating excluded paths[0m
[32m[2022-11-02 13:18:52][0m - [MainThread] - [1;30m[ERROR][0m - [31mcould not find /workspaces/content/Tests/scripts/infrastructure_tests/tests_data/collect_tests/skipped_nightly_test/Tests/tools.py for calculating excluded paths[0m
[32m[2022-11-02 13:18:52][0m - [MainThread] - [1;30m[ERROR][0m - [31mcould not find /workspaces/content/Tests/scripts/infrastructure_tests/tests_data/collect_tests/skipped_nightly_test/Tests/update_content_data.py for calculating excluded paths[0m
[32m[2022-11-02 13:18:52][0m - [MainThread] - [1;30m[ERROR][0m - [31mcould not find /workspaces/content/Tests/scripts/infrastructure_tests/tests_data/collect_tests/skipped_nightly_test/Tests/Marketplace for calculating excluded paths[0m
[32m[2022-11-02 13:18:52][0m - [MainThread] - [1;30m[ERROR][0m - [31mcould not find /workspaces/content/Tests/scripts/infrastructure_tests/tests_data/collect_tests/skipped_nightly_test/Tests/private_build for calculating excluded paths[0m
[32m[2022-11-02 13:18:52][0m - [MainThread] - [1;30m[ERROR][0m - [31mcould not find /workspaces/content/Tests/scripts/infrastructure_tests/tests_data/collect_tests/skipped_nightly_test/Tests/scripts for calculating excluded paths[0m
[32m[2022-11-02 13:18:52][0m - [MainThread] - [1;30m[ERROR][0m - [31mcould not find /workspaces/content/Tests/scripts/infrastructure_tests/tests_data/collect_tests/skipped_nightly_test/Tests/scripts/infrastructure_tests/tests_data for calculating excluded paths[0m
